<?xml version="1.0" encoding="UTF-8"?>
<!-- Generated by org.testng.reporters.JUnitXMLReporter -->
<testsuite ignored="0" hostname="ABA-221-PC" failures="1" tests="1" name="Default test" time="82.398" errors="0" timestamp="2026-01-28T17:51:23 IST">
  <testcase classname="io.cucumber.testng.AbstractTestNGCucumberTests" name="runScenario" time="81.543">
    <failure type="java.lang.AssertionError" message="Element should not be present: By.xpath: //div[@class=&amp;apos;dropdown-menu bucket-dropdown-content gridRecordContext show&amp;apos;]//span[contains(text(),&amp;apos;Edit&amp;apos;)]">
      <![CDATA[java.lang.AssertionError: Element should not be present: By.xpath: //div[@class='dropdown-menu bucket-dropdown-content gridRecordContext show']//span[contains(text(),'Edit')]
at org.junit.Assert.fail(Assert.java:89)
at org.junit.Assert.assertTrue(Assert.java:42)
at com.pharmcrm_ClinicalModule.pages.clinicalpage.assertElementNotPresent(clinicalpage.java:1100)
at com.pharmcrm_ClinicalModule.pages.clinicalpage.userShouldNotBeAbleToEditOrDeleteRemotePatientMonitoringRPMInClinicalModule(clinicalpage.java:3822)
at com.pharmcrm_ClinicalModule.steps.clinicalstep.userShouldNotBeAbleToEditOrDeleteRemotePatientMonitoringInClinicalModule(clinicalstep.java:58)
at ✽.the user should not be able to edit or delete Remote Patient Monitoring RPM in Clinical Module test(file:///C:/Users/MayurChauhan/eclipse-workspace/pharmcrm-product/src/test/resources/Features/ClinicalModule/Clinical.feature:1085)
]]>
    </failure>
  </testcase> <!-- runScenario -->
</testsuite> <!-- Default test -->
