<?xml version="1.0" encoding="UTF-8"?>
<!-- Generated by org.testng.reporters.JUnitXMLReporter -->
<testsuite ignored="0" hostname="ABA-221-PC" failures="1" tests="1" name="Cucumber Tests" time="153.018" errors="0" timestamp="2025-08-21T18:09:11 IST">
  <testcase classname="io.cucumber.testng.AbstractTestNGCucumberTests" name="runScenario" time="152.122">
    <failure type="org.openqa.selenium.ElementNotInteractableException" message="element not interactable
  (Session info: chrome=139.0.7258.129)
Build info: version: &amp;apos;4.34.0&amp;apos;, revision: &amp;apos;707dcb4246*&amp;apos;
System info: os.name: &amp;apos;Windows 10&amp;apos;, os.arch: &amp;apos;amd64&amp;apos;, os.version: &amp;apos;10.0&amp;apos;, java.version: &amp;apos;17.0.12&amp;apos;
Driver info: org.openqa.selenium.chrome.ChromeDriver
Command: [6c81f35d72c1df4a005ad88099d04cbc, sendKeysToElement {id=f.DD80C17A4883DBC4F5FE9884178660E0.d.F0A5DF08EC725C3EE3E8B987AA5001D8.e.2894, value=[Ljava.lang.CharSequence;@36d34d71}]
Capabilities {acceptInsecureCerts: false, browserName: chrome, browserVersion: 139.0.7258.129, chrome: {chromedriverVersion: 139.0.7258.138 (884e54ea8d4..., userDataDir: C:\Users\MAYURC~1\AppData\L...}, fedcm:accounts: true, goog:chromeOptions: {debuggerAddress: localhost:64164}, networkConnectionEnabled: false, pageLoadStrategy: normal, platformName: windows, proxy: Proxy(), se:cdp: ws://localhost:64164/devtoo..., se:cdpVersion: 139.0.7258.129, setWindowRect: true, strictFileInteractability: false, timeouts: {implicit: 0, pageLoad: 300000, script: 30000}, unhandledPromptBehavior: dismiss and notify, webauthn:extension:credBlob: true, webauthn:extension:largeBlob: true, webauthn:extension:minPinLength: true, webauthn:extension:prf: true, webauthn:virtualAuthenticators: true}
Element: [[ChromeDriver: chrome on windows (6c81f35d72c1df4a005ad88099d04cbc)] -&amp;gt; id: Filter_Email]
Session ID: 6c81f35d72c1df4a005ad88099d04cbc">
      <![CDATA[org.openqa.selenium.ElementNotInteractableException: element not interactable
  (Session info: chrome=139.0.7258.129)
Build info: version: '4.34.0', revision: '707dcb4246*'
System info: os.name: 'Windows 10', os.arch: 'amd64', os.version: '10.0', java.version: '17.0.12'
Driver info: org.openqa.selenium.chrome.ChromeDriver
Command: [6c81f35d72c1df4a005ad88099d04cbc, sendKeysToElement {id=f.DD80C17A4883DBC4F5FE9884178660E0.d.F0A5DF08EC725C3EE3E8B987AA5001D8.e.2894, value=[Ljava.lang.CharSequence;@36d34d71}]
Capabilities {acceptInsecureCerts: false, browserName: chrome, browserVersion: 139.0.7258.129, chrome: {chromedriverVersion: 139.0.7258.138 (884e54ea8d4..., userDataDir: C:\Users\MAYURC~1\AppData\L...}, fedcm:accounts: true, goog:chromeOptions: {debuggerAddress: localhost:64164}, networkConnectionEnabled: false, pageLoadStrategy: normal, platformName: windows, proxy: Proxy(), se:cdp: ws://localhost:64164/devtoo..., se:cdpVersion: 139.0.7258.129, setWindowRect: true, strictFileInteractability: false, timeouts: {implicit: 0, pageLoad: 300000, script: 30000}, unhandledPromptBehavior: dismiss and notify, webauthn:extension:credBlob: true, webauthn:extension:largeBlob: true, webauthn:extension:minPinLength: true, webauthn:extension:prf: true, webauthn:virtualAuthenticators: true}
Element: [[ChromeDriver: chrome on windows (6c81f35d72c1df4a005ad88099d04cbc)] -> id: Filter_Email]
Session ID: 6c81f35d72c1df4a005ad88099d04cbc
at org.openqa.selenium.remote.ErrorCodec.decode(ErrorCodec.java:167)
at org.openqa.selenium.remote.codec.w3c.W3CHttpResponseCodec.decode(W3CHttpResponseCodec.java:138)
at org.openqa.selenium.remote.codec.w3c.W3CHttpResponseCodec.decode(W3CHttpResponseCodec.java:50)
at org.openqa.selenium.remote.HttpCommandExecutor.execute(HttpCommandExecutor.java:215)
at org.openqa.selenium.remote.service.DriverCommandExecutor.invokeExecute(DriverCommandExecutor.java:216)
at org.openqa.selenium.remote.service.DriverCommandExecutor.execute(DriverCommandExecutor.java:174)
at org.openqa.selenium.remote.RemoteWebDriver.execute(RemoteWebDriver.java:544)
at org.openqa.selenium.remote.RemoteWebElement.execute(RemoteWebElement.java:223)
at org.openqa.selenium.remote.RemoteWebElement.sendKeys(RemoteWebElement.java:110)
at com.pharmcrm.pharmcrm_product.steps.UserManagementSteps.waitAndSendKeys(UserManagementSteps.java:7094)
at com.pharmcrm.pharmcrm_product.steps.UserManagementSteps.resetPassword(UserManagementSteps.java:3482)
at ✽.I reset the user's password(file:///C:/Users/MayurChauhan/eclipse-workspace/pharmcrm-product/src/test/resources/Features/UserManagement.feature:1376)
... Removed 5 stack frames]]>
    </failure>
  </testcase> <!-- runScenario -->
</testsuite> <!-- Cucumber Tests -->
