<?xml version="1.0" encoding="UTF-8"?>
<testng-results ignored="0" total="1" passed="0" failed="1" skipped="0">
  <reporter-output>
  </reporter-output>
  <suite started-at="2025-09-25T17:23:59 IST" name="Cucumber Parallel Suite" finished-at="2025-09-25T17:25:52 IST" duration-ms="113443">
    <groups>
      <group name="cucumber">
        <method signature="AbstractTestNGCucumberTests.runScenario(io.cucumber.testng.PickleWrapper,io.cucumber.testng.FeatureWrapper)[pri:0, instance:com.pharmcrm.pharmcrm_product.runner.MasterRunner@6d4e5011]" name="runScenario" class="io.cucumber.testng.AbstractTestNGCucumberTests"/>
      </group> <!-- cucumber -->
    </groups>
    <test started-at="2025-09-25T17:23:59 IST" name="Cucumber Tests" finished-at="2025-09-25T17:25:52 IST" duration-ms="113443">
      <class name="com.pharmcrm.pharmcrm_product.runner.MasterRunner">
        <test-method is-config="true" signature="setUpClass(org.testng.ITestContext)[pri:0, instance:com.pharmcrm.pharmcrm_product.runner.MasterRunner@6d4e5011]" started-at="2025-09-25T17:23:59 IST" name="setUpClass" finished-at="2025-09-25T17:23:59 IST" duration-ms="889" status="PASS">
          <params>
            <param index="0">
              <value>
                <![CDATA[org.testng.TestRunner@6be968ce]]>
              </value>
            </param>
          </params>
          <reporter-output>
          </reporter-output>
        </test-method> <!-- setUpClass -->
        <test-method signature="runScenario(io.cucumber.testng.PickleWrapper,io.cucumber.testng.FeatureWrapper)[pri:0, instance:com.pharmcrm.pharmcrm_product.runner.MasterRunner@6d4e5011]" started-at="2025-09-25T17:23:59 IST" name="runScenario" description="Runs Cucumber Scenarios" data-provider="scenarios" finished-at="2025-09-25T17:25:52 IST" duration-ms="112116" status="FAIL">
          <params>
            <param index="0">
              <value>
                <![CDATA["User with View and Delete access but no Add or Edit for Runningline Level2 Status"]]>
              </value>
            </param>
            <param index="1">
              <value>
                <![CDATA["Workflow Module scenarios"]]>
              </value>
            </param>
          </params>
          <exception class="java.lang.AssertionError">
            <message>
              <![CDATA[Element should not be present: By.xpath: //span[normalize-space()='New Runningline Level-2 Status']]]>
            </message>
            <full-stacktrace>
              <![CDATA[java.lang.AssertionError: Element should not be present: By.xpath: //span[normalize-space()='New Runningline Level-2 Status']
at org.junit.Assert.fail(Assert.java:89)
at org.junit.Assert.assertTrue(Assert.java:42)
at com.pharmcrm.pharmcrm_product.steps.WorkflowSteps.assertElementNotPresent(WorkflowSteps.java:2479)
at com.pharmcrm.pharmcrm_product.steps.WorkflowSteps.userShouldNotBeAbleToAddRunninglineLevel2StatusInWorkflowModule(WorkflowSteps.java:2053)
at ✽.the user should not be able to add Runningline Level2 Status in Workflow Module(file:///C:/Users/MayurChauhan/eclipse-workspace/pharmcrm-product/src/test/resources/Features/Workflow.feature:415)
]]>
            </full-stacktrace>
          </exception> <!-- java.lang.AssertionError -->
          <reporter-output>
          </reporter-output>
        </test-method> <!-- runScenario -->
        <test-method is-config="true" signature="tearDownClass()[pri:0, instance:com.pharmcrm.pharmcrm_product.runner.MasterRunner@6d4e5011]" started-at="2025-09-25T17:25:52 IST" name="tearDownClass" finished-at="2025-09-25T17:25:52 IST" duration-ms="370" status="PASS">
          <reporter-output>
          </reporter-output>
        </test-method> <!-- tearDownClass -->
      </class> <!-- com.pharmcrm.pharmcrm_product.runner.MasterRunner -->
    </test> <!-- Cucumber Tests -->
  </suite> <!-- Cucumber Parallel Suite -->
</testng-results>
